{"/Users/smallcar/Desktop/项目_进行中/vue3-comp/vue3-husky/src/util.ts": {"path":"/Users/smallcar/Desktop/项目_进行中/vue3-comp/vue3-husky/src/util.ts","statementMap":{"0":{"start":{"line":1,"column":0},"end":{"line":1,"column":68}},"1":{"start":{"line":4,"column":53},"end":{"line":4,"column":73}},"2":{"start":{"line":5,"column":2},"end":{"line":8,"column":null}},"3":{"start":{"line":6,"column":4},"end":{"line":6,"column":48}},"4":{"start":{"line":7,"column":4},"end":{"line":7,"column":11}},"5":{"start":{"line":9,"column":2},"end":{"line":9,"column":70}},"6":{"start":{"line":3,"column":0},"end":{"line":3,"column":16}}},"fnMap":{"0":{"name":"useGlobalConfig","decl":{"start":{"line":3,"column":16},"end":{"line":3,"column":31}},"loc":{"start":{"line":3,"column":31},"end":{"line":10,"column":1}}}},"branchMap":{"0":{"loc":{"start":{"line":5,"column":2},"end":{"line":8,"column":null}},"type":"if","locations":[{"start":{"line":5,"column":2},"end":{"line":8,"column":null}}]},"1":{"loc":{"start":{"line":9,"column":9},"end":{"line":9,"column":69}},"type":"binary-expr","locations":[{"start":{"line":9,"column":9},"end":{"line":9,"column":63}},{"start":{"line":9,"column":67},"end":{"line":9,"column":69}}]}},"s":{"0":1,"1":4,"2":4,"3":0,"4":0,"5":4,"6":1},"f":{"0":4},"b":{"0":[0],"1":[4,3]}}
,"/Users/smallcar/Desktop/项目_进行中/vue3-comp/vue3-husky/src/components/button/Button.vue": {"path":"/Users/smallcar/Desktop/项目_进行中/vue3-comp/vue3-husky/src/components/button/Button.vue","statementMap":{"0":{"start":{"line":3,"column":0},"end":{"line":5,"column":3}},"1":{"start":{"line":6,"column":0},"end":{"line":8,"column":2}},"2":{"start":{"line":9,"column":0},"end":{"line":9,"column":13}},"3":{"start":{"line":11,"column":15},"end":{"line":20,"column":1}},"4":{"start":{"line":12,"column":2},"end":{"line":18,"column":4}},"5":{"start":{"line":13,"column":4},"end":{"line":16,"column":5}},"6":{"start":{"line":13,"column":20},"end":{"line":13,"column":21}},"7":{"start":{"line":13,"column":27},"end":{"line":13,"column":43}},"8":{"start":{"line":14,"column":6},"end":{"line":14,"column":23}},"9":{"start":{"line":15,"column":6},"end":{"line":15,"column":83}},"10":{"start":{"line":15,"column":23},"end":{"line":15,"column":83}},"11":{"start":{"line":15,"column":71},"end":{"line":15,"column":83}},"12":{"start":{"line":17,"column":4},"end":{"line":17,"column":13}},"13":{"start":{"line":19,"column":2},"end":{"line":19,"column":41}},"14":{"start":{"line":21,"column":0},"end":{"line":23,"column":3}},"15":{"start":{"line":24,"column":12},"end":{"line":24,"column":26}},"16":{"start":{"line":25,"column":12},"end":{"line":25,"column":26}},"17":{"start":{"line":26,"column":13},"end":{"line":26,"column":34}},"18":{"start":{"line":27,"column":18},"end":{"line":29,"column":1}},"19":{"start":{"line":30,"column":0},"end":{"line":63,"column":4}},"20":{"start":{"line":44,"column":17},"end":{"line":44,"column":26}},"21":{"start":{"line":45,"column":4},"end":{"line":45,"column":13}},"22":{"start":{"line":46,"column":16},"end":{"line":46,"column":23}},"23":{"start":{"line":47,"column":23},"end":{"line":47,"column":52}},"24":{"start":{"line":48,"column":21},"end":{"line":51,"column":6}},"25":{"start":{"line":49,"column":6},"end":{"line":49,"column":44}},"26":{"start":{"line":50,"column":6},"end":{"line":50,"column":45}},"27":{"start":{"line":52,"column":23},"end":{"line":56,"column":5}},"28":{"start":{"line":57,"column":4},"end":{"line":60,"column":7}},"29":{"start":{"line":61,"column":4},"end":{"line":61,"column":24}},"30":{"start":{"line":65,"column":0},"end":{"line":65,"column":62}},"31":{"start":{"line":66,"column":0},"end":{"line":66,"column":24}},"32":{"start":{"line":67,"column":12},"end":{"line":67,"column":26}},"33":{"start":{"line":69,"column":4},"end":{"line":76,"column":23}},"34":{"start":{"line":78,"column":0},"end":{"line":78,"column":24}},"35":{"start":{"line":79,"column":1},"end":{"line":79,"column":48}}},"fnMap":{"0":{"name":"(anonymous_0)","decl":{"start":{"line":11,"column":46},"end":{"line":11,"column":47}},"loc":{"start":{"line":11,"column":58},"end":{"line":20,"column":1}},"line":11},"1":{"name":"(anonymous_1)","decl":{"start":{"line":12,"column":30},"end":{"line":12,"column":31}},"loc":{"start":{"line":12,"column":43},"end":{"line":18,"column":3}},"line":12},"2":{"name":"(anonymous_2)","decl":{"start":{"line":43,"column":9},"end":{"line":43,"column":10}},"loc":{"start":{"line":43,"column":32},"end":{"line":62,"column":3}},"line":43},"3":{"name":"(anonymous_3)","decl":{"start":{"line":48,"column":41},"end":{"line":48,"column":42}},"loc":{"start":{"line":48,"column":53},"end":{"line":51,"column":5}},"line":48},"4":{"name":"render","decl":{"start":{"line":68,"column":9},"end":{"line":68,"column":15}},"loc":{"start":{"line":68,"column":63},"end":{"line":77,"column":1}},"line":68}},"branchMap":{"0":{"loc":{"start":{"line":11,"column":15},"end":{"line":20,"column":1}},"type":"binary-expr","locations":[{"start":{"line":11,"column":15},"end":{"line":11,"column":21}},{"start":{"line":11,"column":25},"end":{"line":11,"column":42}},{"start":{"line":11,"column":46},"end":{"line":20,"column":1}}],"line":11},"1":{"loc":{"start":{"line":12,"column":13},"end":{"line":18,"column":3}},"type":"binary-expr","locations":[{"start":{"line":12,"column":13},"end":{"line":12,"column":26}},{"start":{"line":12,"column":30},"end":{"line":18,"column":3}}],"line":12},"2":{"loc":{"start":{"line":15,"column":23},"end":{"line":15,"column":83}},"type":"if","locations":[{"start":{"line":15,"column":23},"end":{"line":15,"column":83}},{"start":{},"end":{}}],"line":15},"3":{"loc":{"start":{"line":50,"column":13},"end":{"line":50,"column":44}},"type":"binary-expr","locations":[{"start":{"line":50,"column":13},"end":{"line":50,"column":23}},{"start":{"line":50,"column":27},"end":{"line":50,"column":44}}],"line":50},"4":{"loc":{"start":{"line":71,"column":16},"end":{"line":71,"column":80}},"type":"cond-expr","locations":[{"start":{"line":71,"column":36},"end":{"line":71,"column":75}},{"start":{"line":71,"column":78},"end":{"line":71,"column":80}}],"line":71},"5":{"loc":{"start":{"line":72,"column":16},"end":{"line":72,"column":68}},"type":"cond-expr","locations":[{"start":{"line":72,"column":30},"end":{"line":72,"column":63}},{"start":{"line":72,"column":66},"end":{"line":72,"column":68}}],"line":72}},"s":{"0":1,"1":1,"2":1,"3":1,"4":2,"5":0,"6":0,"7":0,"8":0,"9":0,"10":0,"11":0,"12":0,"13":2,"14":1,"15":1,"16":1,"17":1,"18":1,"19":1,"20":4,"21":4,"22":4,"23":4,"24":4,"25":4,"26":4,"27":4,"28":4,"29":4,"30":1,"31":1,"32":1,"33":4,"34":1,"35":1},"f":{"0":2,"1":0,"2":4,"3":4,"4":4},"b":{"0":[1,0,1],"1":[2,0],"2":[0,0],"3":[4,3],"4":[2,2],"5":[1,3]},"inputSourceMap":{"0":"{","1":"\"","2":"v","3":"e","4":"r","5":"s","6":"i","7":"o","8":"n","9":"\"","10":":","11":"3","12":",","13":"\"","14":"s","15":"o","16":"u","17":"r","18":"c","19":"e","20":"s","21":"\"","22":":","23":"[","24":"\"","25":"/","26":"U","27":"s","28":"e","29":"r","30":"s","31":"/","32":"s","33":"m","34":"a","35":"l","36":"l","37":"c","38":"a","39":"r","40":"/","41":"D","42":"e","43":"s","44":"k","45":"t","46":"o","47":"p","48":"/","49":"项","50":"目","51":"_","52":"进","53":"行","54":"中","55":"/","56":"v","57":"u","58":"e","59":"3","60":"-","61":"c","62":"o","63":"m","64":"p","65":"/","66":"v","67":"u","68":"e","69":"3","70":"-","71":"h","72":"u","73":"s","74":"k","75":"y","76":"/","77":"s","78":"r","79":"c","80":"/","81":"c","82":"o","83":"m","84":"p","85":"o","86":"n","87":"e","88":"n","89":"t","90":"s","91":"/","92":"b","93":"u","94":"t","95":"t","96":"o","97":"n","98":"/","99":"B","100":"u","101":"t","102":"t","103":"o","104":"n","105":".","106":"v","107":"u","108":"e","109":"\"","110":"]","111":",","112":"\"","113":"n","114":"a","115":"m","116":"e","117":"s","118":"\"","119":":","120":"[","121":"]","122":",","123":"\"","124":"m","125":"a","126":"p","127":"p","128":"i","129":"n","130":"g","131":"s","132":"\"","133":":","134":"\"","135":";","136":";","137":";","138":";","139":";","140":"A","141":"A","142":"a","143":"A","144":",","145":"k","146":"B","147":"A","148":"A","149":"e","150":";","151":"E","152":"A","153":"C","154":"b","155":",","156":"I","157":"A","158":"A","159":"I","160":",","161":"E","162":"A","163":"A","164":"E","165":";","166":"C","167":"A","168":"C","169":"P","170":";","171":";","172":";","173":";","174":";","175":";","176":";","177":";","178":";","179":";","180":";","181":";","182":";","183":";","184":";","185":";","186":";","187":"A","188":"A","189":"G","190":"D","191":";","192":"A","193":"A","194":"C","195":"A","196":";","197":"A","198":"A","199":"N","200":"A","201":",","202":"I","203":"A","204":"A","205":"M","206":",","207":"W","208":"A","209":"A","210":"W","211":",","212":"G","213":"A","214":"A","215":"G","216":";","217":"E","218":"A","219":"C","220":"l","221":"B","222":",","223":"I","224":"A","225":"A","226":"I","227":",","228":"E","229":"A","230":"A","231":"E","232":";","233":"C","234":"A","235":"C","236":"P","237":";","238":";","239":";","240":";","241":";","242":";","243":";","244":";","245":";","246":";","247":";","248":";","249":";","250":";","251":";","252":";","253":";","254":";","255":"I","256":"A","257":"e","258":"D","259":",","260":"I","261":"A","262":"A","263":"M","264":",","265":"Y","266":"A","267":"A","268":"Y","269":",","270":"G","271":"A","272":"A","273":"G","274":",","275":"0","276":"B","277":"A","278":"A","279":"e","280":",","281":"G","282":"A","283":"A","284":"E","285":";","286":"I","287":"A","288":"C","289":"t","290":"C","291":",","292":"I","293":"A","294":"A","295":"M","296":",","297":"U","298":"A","299":"A","300":"U","301":",","302":"G","303":"A","304":"A","305":"G","306":",","307":"k","308":"B","309":"A","310":"A","311":"Q","312":",","313":"E","314":"A","315":"A","316":"C","317":";","318":"M","319":"A","320":"C","321":"1","322":"B","323":",","324":"O","325":"A","326":"A","327":"O","328":",","329":"C","330":"A","331":"A","332":"C","333":",","334":"G","335":"A","336":"A","337":"G","338":",","339":"C","340":"A","341":"A","342":"C","343":",","344":"K","345":"A","346":"A","347":"K","348":",","349":"C","350":"A","351":"A","352":"C","353":",","354":"I","355":"A","356":"A","357":"I","358":",","359":"E","360":"A","361":"A","362":"E","363":",","364":"Y","365":"A","366":"A","367":"Y","368":",","369":"C","370":"A","371":"A","372":"C","373":";","374":"M","375":"A","376":"C","377":"r","378":"C","379":",","380":"O","381":"A","382":"A","383":"O","384":",","385":"K","386":"A","387":"A","388":"K","389":",","390":"C","391":"A","392":"A","393":"C","394":",","395":"I","396":"A","397":"A","398":"I","399":",","400":"I","401":"A","402":"A","403":"I","404":",","405":"Y","406":"A","407":"A","408":"Y","409":",","410":"C","411":"A","412":"A","413":"C","414":",","415":"I","416":"A","417":"A","418":"I","419":";","420":"I","421":"A","422":"C","423":"x","424":"C","425":",","426":"C","427":"A","428":"A","429":"C","430":",","431":"C","432":"A","433":"A","434":"C","435":"\"","436":",","437":"\"","438":"f","439":"i","440":"l","441":"e","442":"\"","443":":","444":"\"","445":"/","446":"U","447":"s","448":"e","449":"r","450":"s","451":"/","452":"s","453":"m","454":"a","455":"l","456":"l","457":"c","458":"a","459":"r","460":"/","461":"D","462":"e","463":"s","464":"k","465":"t","466":"o","467":"p","468":"/","469":"项","470":"目","471":"_","472":"进","473":"行","474":"中","475":"/","476":"v","477":"u","478":"e","479":"3","480":"-","481":"c","482":"o","483":"m","484":"p","485":"/","486":"v","487":"u","488":"e","489":"3","490":"-","491":"h","492":"u","493":"s","494":"k","495":"y","496":"/","497":"s","498":"r","499":"c","500":"/","501":"c","502":"o","503":"m","504":"p","505":"o","506":"n","507":"e","508":"n","509":"t","510":"s","511":"/","512":"b","513":"u","514":"t","515":"t","516":"o","517":"n","518":"/","519":"B","520":"u","521":"t","522":"t","523":"o","524":"n","525":".","526":"v","527":"u","528":"e","529":"\"","530":",","531":"\"","532":"s","533":"o","534":"u","535":"r","536":"c","537":"e","538":"s","539":"C","540":"o","541":"n","542":"t","543":"e","544":"n","545":"t","546":"\"","547":":","548":"[","549":"\"","550":"<","551":"t","552":"e","553":"m","554":"p","555":"l","556":"a","557":"t","558":"e","559":">","560":"\\","561":"n","562":" ","563":" ","564":"<","565":"b","566":"u","567":"t","568":"t","569":"o","570":"n","571":"\\","572":"n","573":" ","574":" ","575":" ","576":" ","577":"c","578":"l","579":"a","580":"s","581":"s","582":"=","583":"\\","584":"\"","585":"e","586":"l","587":"-","588":"b","589":"u","590":"t","591":"t","592":"o","593":"n","594":"\\","595":"\"","596":"\\","597":"n","598":" ","599":" ","600":" ","601":" ","602":":","603":"c","604":"l","605":"a","606":"s","607":"s","608":"=","609":"\\","610":"\"","611":"[","612":"\\","613":"n","614":" ","615":" ","616":" ","617":" ","618":" ","619":" ","620":"b","621":"u","622":"t","623":"t","624":"o","625":"n","626":"S","627":"i","628":"z","629":"e","630":" ","631":"?","632":" ","633":"`","634":"e","635":"l","636":"-","637":"b","638":"u","639":"t","640":"t","641":"o","642":"n","643":"-","644":"-","645":"$","646":"{","647":"b","648":"u","649":"t","650":"t","651":"o","652":"n","653":"S","654":"i","655":"z","656":"e","657":"}","658":"`","659":" ","660":":","661":" ","662":"'","663":"'","664":",","665":"\\","666":"n","667":" ","668":" ","669":" ","670":" ","671":" ","672":" ","673":"t","674":"y","675":"p","676":"e","677":" ","678":"?","679":" ","680":"`","681":"e","682":"l","683":"-","684":"b","685":"u","686":"t","687":"t","688":"o","689":"n","690":"-","691":"-","692":"$","693":"{","694":"t","695":"y","696":"p","697":"e","698":"}","699":"`","700":" ","701":":","702":" ","703":"'","704":"'","705":",","706":"\\","707":"n","708":" ","709":" ","710":" ","711":" ","712":"]","713":"\\","714":"\"","715":"\\","716":"n","717":" ","718":" ","719":">","720":"\\","721":"n","722":" ","723":" ","724":" ","725":" ","726":"<","727":"s","728":"l","729":"o","730":"t","731":" ","732":"/","733":">","734":"\\","735":"n","736":" ","737":" ","738":"<","739":"/","740":"b","741":"u","742":"t","743":"t","744":"o","745":"n","746":">","747":"\\","748":"n","749":"<","750":"/","751":"t","752":"e","753":"m","754":"p","755":"l","756":"a","757":"t","758":"e","759":">","760":"\\","761":"n","762":"\\","763":"n","764":"<","765":"s","766":"c","767":"r","768":"i","769":"p","770":"t","771":" ","772":"l","773":"a","774":"n","775":"g","776":"=","777":"\\","778":"\"","779":"t","780":"s","781":"\\","782":"\"","783":">","784":"\\","785":"n","786":"e","787":"x","788":"p","789":"o","790":"r","791":"t","792":" ","793":"d","794":"e","795":"f","796":"a","797":"u","798":"l","799":"t","800":" ","801":"{","802":"\\","803":"n","804":" ","805":" ","806":"n","807":"a","808":"m","809":"e","810":":","811":" ","812":"\\","813":"\"","814":"E","815":"l","816":"B","817":"u","818":"t","819":"t","820":"o","821":"n","822":"\\","823":"\"","824":",","825":"\\","826":"n","827":"}","828":";","829":"\\","830":"n","831":"<","832":"/","833":"s","834":"c","835":"r","836":"i","837":"p","838":"t","839":">","840":"\\","841":"n","842":"<","843":"s","844":"c","845":"r","846":"i","847":"p","848":"t","849":" ","850":"s","851":"e","852":"t","853":"u","854":"p","855":" ","856":"l","857":"a","858":"n","859":"g","860":"=","861":"\\","862":"\"","863":"t","864":"s","865":"\\","866":"\"","867":">","868":"\\","869":"n","870":"i","871":"m","872":"p","873":"o","874":"r","875":"t","876":" ","877":"{","878":" ","879":"c","880":"o","881":"m","882":"p","883":"u","884":"t","885":"e","886":"d","887":",","888":" ","889":"w","890":"i","891":"t","892":"h","893":"D","894":"e","895":"f","896":"a","897":"u","898":"l","899":"t","900":"s","901":" ","902":"}","903":" ","904":"f","905":"r","906":"o","907":"m","908":" ","909":"\\","910":"\"","911":"v","912":"u","913":"e","914":"\\","915":"\"","916":";","917":"\\","918":"n","919":"i","920":"m","921":"p","922":"o","923":"r","924":"t","925":" ","926":"{","927":" ","928":"u","929":"s","930":"e","931":"G","932":"l","933":"o","934":"b","935":"a","936":"l","937":"C","938":"o","939":"n","940":"f","941":"i","942":"g","943":" ","944":"}","945":" ","946":"f","947":"r","948":"o","949":"m","950":" ","951":"\\","952":"\"","953":".","954":".","955":"/","956":".","957":".","958":"/","959":"u","960":"t","961":"i","962":"l","963":"\\","964":"\"","965":";","966":"\\","967":"n","968":"\\","969":"n","970":"i","971":"n","972":"t","973":"e","974":"r","975":"f","976":"a","977":"c","978":"e","979":" ","980":"P","981":"r","982":"o","983":"p","984":"s","985":" ","986":"{","987":"\\","988":"n","989":" ","990":" ","991":"s","992":"i","993":"z","994":"e","995":"?","996":":","997":" ","998":"\\","999":"\"","1000":"\\","1001":"\"","1002":" ","1003":"|","1004":" ","1005":"\\","1006":"\"","1007":"s","1008":"m","1009":"a","1010":"l","1011":"l","1012":"\\","1013":"\"","1014":" ","1015":"|","1016":" ","1017":"\\","1018":"\"","1019":"m","1020":"e","1021":"d","1022":"i","1023":"u","1024":"m","1025":"\\","1026":"\"","1027":" ","1028":"|","1029":" ","1030":"\\","1031":"\"","1032":"l","1033":"a","1034":"r","1035":"g","1036":"e","1037":"\\","1038":"\"","1039":";","1040":"\\","1041":"n","1042":" ","1043":" ","1044":"t","1045":"y","1046":"p","1047":"e","1048":"?","1049":":","1050":" ","1051":"\\","1052":"\"","1053":"\\","1054":"\"","1055":" ","1056":"|","1057":" ","1058":"\\","1059":"\"","1060":"p","1061":"r","1062":"i","1063":"m","1064":"a","1065":"r","1066":"y","1067":"\\","1068":"\"","1069":" ","1070":"|","1071":" ","1072":"\\","1073":"\"","1074":"s","1075":"u","1076":"c","1077":"c","1078":"e","1079":"s","1080":"s","1081":"\\","1082":"\"","1083":" ","1084":"|","1085":" ","1086":"\\","1087":"\"","1088":"d","1089":"a","1090":"n","1091":"g","1092":"e","1093":"r","1094":"\\","1095":"\"","1096":";","1097":"\\","1098":"n","1099":"}","1100":"\\","1101":"n","1102":"c","1103":"o","1104":"n","1105":"s","1106":"t","1107":" ","1108":"p","1109":"r","1110":"o","1111":"p","1112":"s","1113":" ","1114":"=","1115":" ","1116":"w","1117":"i","1118":"t","1119":"h","1120":"D","1121":"e","1122":"f","1123":"a","1124":"u","1125":"l","1126":"t","1127":"s","1128":"(","1129":"d","1130":"e","1131":"f","1132":"i","1133":"n","1134":"e","1135":"P","1136":"r","1137":"o","1138":"p","1139":"s","1140":"<","1141":"P","1142":"r","1143":"o","1144":"p","1145":"s","1146":">","1147":"(","1148":")","1149":",","1150":" ","1151":"{","1152":"\\","1153":"n","1154":" ","1155":" ","1156":"s","1157":"i","1158":"z","1159":"e","1160":":","1161":" ","1162":"\\","1163":"\"","1164":"\\","1165":"\"","1166":",","1167":"\\","1168":"n","1169":" ","1170":" ","1171":"t","1172":"y","1173":"p","1174":"e","1175":":","1176":" ","1177":"\\","1178":"\"","1179":"\\","1180":"\"","1181":",","1182":"\\","1183":"n","1184":"}","1185":")","1186":";","1187":"\\","1188":"n","1189":"\\","1190":"n","1191":"c","1192":"o","1193":"n","1194":"s","1195":"t","1196":" ","1197":"g","1198":"l","1199":"o","1200":"b","1201":"a","1202":"l","1203":"C","1204":"i","1205":"n","1206":"f","1207":"i","1208":"g","1209":" ","1210":"=","1211":" ","1212":"u","1213":"s","1214":"e","1215":"G","1216":"l","1217":"o","1218":"b","1219":"a","1220":"l","1221":"C","1222":"o","1223":"n","1224":"f","1225":"i","1226":"g","1227":"(","1228":")","1229":";","1230":"\\","1231":"n","1232":"c","1233":"o","1234":"n","1235":"s","1236":"t","1237":" ","1238":"b","1239":"u","1240":"t","1241":"t","1242":"o","1243":"n","1244":"S","1245":"i","1246":"z","1247":"e","1248":" ","1249":"=","1250":" ","1251":"c","1252":"o","1253":"m","1254":"p","1255":"u","1256":"t","1257":"e","1258":"d","1259":"(","1260":"(","1261":")","1262":" ","1263":"=","1264":">","1265":" ","1266":"{","1267":"\\","1268":"n","1269":" ","1270":" ","1271":"c","1272":"o","1273":"n","1274":"s","1275":"o","1276":"l","1277":"e","1278":".","1279":"l","1280":"o","1281":"g","1282":"(","1283":"p","1284":"r","1285":"o","1286":"p","1287":"s","1288":".","1289":"s","1290":"i","1291":"z","1292":"e","1293":",","1294":" ","1295":"g","1296":"l","1297":"o","1298":"b","1299":"a","1300":"l","1301":"C","1302":"i","1303":"n","1304":"f","1305":"i","1306":"g","1307":")","1308":";","1309":"\\","1310":"n","1311":" ","1312":" ","1313":"r","1314":"e","1315":"t","1316":"u","1317":"r","1318":"n","1319":" ","1320":"p","1321":"r","1322":"o","1323":"p","1324":"s","1325":".","1326":"s","1327":"i","1328":"z","1329":"e","1330":" ","1331":"|","1332":"|","1333":" ","1334":"g","1335":"l","1336":"o","1337":"b","1338":"a","1339":"l","1340":"C","1341":"i","1342":"n","1343":"f","1344":"i","1345":"g","1346":".","1347":"s","1348":"i","1349":"z","1350":"e","1351":";","1352":"\\","1353":"n","1354":"}","1355":")","1356":";","1357":"\\","1358":"n","1359":"<","1360":"/","1361":"s","1362":"c","1363":"r","1364":"i","1365":"p","1366":"t","1367":">","1368":"\\","1369":"n","1370":"\\","1371":"n","1372":"<","1373":"s","1374":"t","1375":"y","1376":"l","1377":"e","1378":" ","1379":"l","1380":"a","1381":"n","1382":"g","1383":"=","1384":"\\","1385":"\"","1386":"s","1387":"c","1388":"s","1389":"s","1390":"\\","1391":"\"","1392":" ","1393":"s","1394":"c","1395":"o","1396":"p","1397":"e","1398":"d","1399":">","1400":"\\","1401":"n","1402":"@","1403":"i","1404":"m","1405":"p","1406":"o","1407":"r","1408":"t","1409":" ","1410":"\\","1411":"\"","1412":".","1413":".","1414":"/","1415":"s","1416":"t","1417":"y","1418":"l","1419":"e","1420":"s","1421":"/","1422":"m","1423":"i","1424":"x","1425":"i","1426":"n","1427":"\\","1428":"\"","1429":";","1430":"\\","1431":"n","1432":"\\","1433":"n","1434":"@","1435":"i","1436":"n","1437":"c","1438":"l","1439":"u","1440":"d","1441":"e","1442":" ","1443":"b","1444":"(","1445":"b","1446":"u","1447":"t","1448":"t","1449":"o","1450":"n","1451":")","1452":" ","1453":"{","1454":"\\","1455":"n","1456":" ","1457":" ","1458":"d","1459":"i","1460":"s","1461":"p","1462":"l","1463":"a","1464":"y","1465":":","1466":" ","1467":"i","1468":"n","1469":"l","1470":"i","1471":"n","1472":"e","1473":"-","1474":"b","1475":"l","1476":"o","1477":"c","1478":"k","1479":";","1480":"\\","1481":"n","1482":" ","1483":" ","1484":"l","1485":"i","1486":"n","1487":"e","1488":"-","1489":"h","1490":"e","1491":"i","1492":"g","1493":"h","1494":"t","1495":":","1496":" ","1497":"1","1498":";","1499":"\\","1500":"n","1501":" ","1502":" ","1503":"w","1504":"h","1505":"i","1506":"t","1507":"e","1508":"-","1509":"s","1510":"p","1511":"a","1512":"c","1513":"e","1514":":","1515":" ","1516":"n","1517":"o","1518":"w","1519":"r","1520":"a","1521":"p","1522":";","1523":"\\","1524":"n","1525":" ","1526":" ","1527":"c","1528":"u","1529":"r","1530":"s","1531":"o","1532":"r","1533":":","1534":" ","1535":"p","1536":"o","1537":"i","1538":"n","1539":"t","1540":"e","1541":"r","1542":";","1543":"\\","1544":"n","1545":" ","1546":" ","1547":"b","1548":"a","1549":"c","1550":"k","1551":"g","1552":"r","1553":"o","1554":"u","1555":"n","1556":"d","1557":":","1558":" ","1559":"$","1560":"-","1561":"-","1562":"b","1563":"u","1564":"t","1565":"t","1566":"o","1567":"n","1568":"-","1569":"d","1570":"e","1571":"f","1572":"a","1573":"u","1574":"l","1575":"t","1576":"-","1577":"b","1578":"a","1579":"c","1580":"k","1581":"g","1582":"r","1583":"o","1584":"u","1585":"n","1586":"d","1587":"-","1588":"c","1589":"o","1590":"l","1591":"o","1592":"r","1593":";","1594":"\\","1595":"n","1596":" ","1597":" ","1598":"c","1599":"o","1600":"l","1601":"o","1602":"r","1603":":","1604":" ","1605":"$","1606":"-","1607":"-","1608":"b","1609":"u","1610":"t","1611":"t","1612":"o","1613":"n","1614":"-","1615":"d","1616":"e","1617":"f","1618":"a","1619":"u","1620":"l","1621":"t","1622":"-","1623":"f","1624":"o","1625":"n","1626":"t","1627":"-","1628":"c","1629":"o","1630":"l","1631":"o","1632":"r","1633":";","1634":"\\","1635":"n","1636":" ","1637":" ","1638":"-","1639":"-","1640":"w","1641":"e","1642":"b","1643":"k","1644":"i","1645":"t","1646":"-","1647":"a","1648":"p","1649":"p","1650":"e","1651":"a","1652":"r","1653":"a","1654":"n","1655":"c","1656":"e","1657":":","1658":" ","1659":"n","1660":"o","1661":"n","1662":"e","1663":";","1664":"\\","1665":"n","1666":" ","1667":" ","1668":"t","1669":"e","1670":"x","1671":"t","1672":"-","1673":"a","1674":"l","1675":"i","1676":"g","1677":"n","1678":":","1679":" ","1680":"c","1681":"e","1682":"n","1683":"t","1684":"e","1685":"r","1686":";","1687":"\\","1688":"n","1689":" ","1690":" ","1691":"b","1692":"o","1693":"r","1694":"d","1695":"e","1696":"r","1697":":","1698":" ","1699":"$","1700":"-","1701":"-","1702":"b","1703":"o","1704":"r","1705":"d","1706":"e","1707":"r","1708":"-","1709":"b","1710":"a","1711":"s","1712":"e","1713":";","1714":"\\","1715":"n","1716":" ","1717":" ","1718":"b","1719":"o","1720":"r","1721":"d","1722":"e","1723":"r","1724":"-","1725":"c","1726":"o","1727":"l","1728":"o","1729":"r","1730":":","1731":" ","1732":"$","1733":"-","1734":"-","1735":"b","1736":"u","1737":"t","1738":"t","1739":"o","1740":"n","1741":"-","1742":"d","1743":"e","1744":"f","1745":"a","1746":"u","1747":"l","1748":"t","1749":"-","1750":"b","1751":"o","1752":"r","1753":"d","1754":"e","1755":"r","1756":"-","1757":"c","1758":"o","1759":"l","1760":"o","1761":"r","1762":";","1763":"\\","1764":"n","1765":" ","1766":" ","1767":"b","1768":"o","1769":"x","1770":"-","1771":"s","1772":"i","1773":"z","1774":"i","1775":"n","1776":"g","1777":":","1778":" ","1779":"b","1780":"o","1781":"r","1782":"d","1783":"e","1784":"r","1785":"-","1786":"b","1787":"o","1788":"x","1789":";","1790":"\\","1791":"n","1792":" ","1793":" ","1794":"o","1795":"u","1796":"t","1797":"l","1798":"i","1799":"n","1800":"e","1801":":","1802":" ","1803":"n","1804":"o","1805":"n","1806":"e","1807":";","1808":"\\","1809":"n","1810":" ","1811":" ","1812":"m","1813":"a","1814":"r","1815":"g","1816":"i","1817":"n","1818":":","1819":" ","1820":"0","1821":";","1822":"\\","1823":"n","1824":" ","1825":" ","1826":"f","1827":"o","1828":"n","1829":"t","1830":"-","1831":"w","1832":"e","1833":"i","1834":"g","1835":"h","1836":"t","1837":":","1838":" ","1839":"$","1840":"-","1841":"-","1842":"b","1843":"u","1844":"t","1845":"t","1846":"o","1847":"n","1848":"-","1849":"f","1850":"o","1851":"n","1852":"t","1853":"-","1854":"w","1855":"e","1856":"i","1857":"g","1858":"h","1859":"t","1860":";","1861":"\\","1862":"n","1863":" ","1864":" ","1865":"&","1866":" ","1867":"+","1868":" ","1869":"&","1870":" ","1871":"{","1872":"\\","1873":"n","1874":" ","1875":" ","1876":" ","1877":" ","1878":"m","1879":"a","1880":"r","1881":"g","1882":"i","1883":"n","1884":"-","1885":"l","1886":"e","1887":"f","1888":"t","1889":":","1890":" ","1891":"1","1892":"0","1893":"p","1894":"x","1895":";","1896":"\\","1897":"n","1898":" ","1899":" ","1900":"}","1901":"\\","1902":"n","1903":" ","1904":" ","1905":"@","1906":"i","1907":"n","1908":"c","1909":"l","1910":"u","1911":"d","1912":"e","1913":" ","1914":"b","1915":"u","1916":"t","1917":"t","1918":"o","1919":"n","1920":"-","1921":"s","1922":"i","1923":"z","1924":"e","1925":"(","1926":"\\","1927":"n","1928":" ","1929":" ","1930":" ","1931":" ","1932":"$","1933":"-","1934":"-","1935":"b","1936":"u","1937":"t","1938":"t","1939":"o","1940":"n","1941":"-","1942":"p","1943":"a","1944":"d","1945":"d","1946":"i","1947":"n","1948":"g","1949":"-","1950":"v","1951":"e","1952":"r","1953":"t","1954":"i","1955":"c","1956":"a","1957":"l","1958":",","1959":"\\","1960":"n","1961":" ","1962":" ","1963":" ","1964":" ","1965":"$","1966":"-","1967":"-","1968":"b","1969":"u","1970":"t","1971":"t","1972":"o","1973":"n","1974":"-","1975":"p","1976":"a","1977":"d","1978":"d","1979":"i","1980":"n","1981":"g","1982":"-","1983":"h","1984":"o","1985":"r","1986":"i","1987":"z","1988":"o","1989":"n","1990":"t","1991":"a","1992":"l","1993":",","1994":"\\","1995":"n","1996":" ","1997":" ","1998":" ","1999":" ","2000":"$","2001":"-","2002":"-","2003":"b","2004":"u","2005":"t","2006":"t","2007":"o","2008":"n","2009":"-","2010":"f","2011":"o","2012":"n","2013":"t","2014":"-","2015":"s","2016":"i","2017":"z","2018":"e","2019":",","2020":"\\","2021":"n","2022":" ","2023":" ","2024":" ","2025":" ","2026":"$","2027":"-","2028":"-","2029":"b","2030":"u","2031":"t","2032":"t","2033":"o","2034":"n","2035":"-","2036":"b","2037":"o","2038":"r","2039":"d","2040":"e","2041":"r","2042":"-","2043":"r","2044":"a","2045":"d","2046":"i","2047":"u","2048":"s","2049":"\\","2050":"n","2051":" ","2052":" ","2053":")","2054":";","2055":"\\","2056":"n","2057":" ","2058":" ","2059":"&","2060":":","2061":"h","2062":"o","2063":"v","2064":"e","2065":"r","2066":",","2067":"\\","2068":"n","2069":" ","2070":" ","2071":"&","2072":":","2073":"f","2074":"o","2075":"c","2076":"u","2077":"s","2078":" ","2079":"{","2080":"\\","2081":"n","2082":" ","2083":" ","2084":" ","2085":" ","2086":"c","2087":"o","2088":"l","2089":"o","2090":"r","2091":":","2092":" ","2093":"$","2094":"-","2095":"-","2096":"c","2097":"o","2098":"l","2099":"o","2100":"r","2101":"-","2102":"p","2103":"r","2104":"i","2105":"m","2106":"a","2107":"r","2108":"y","2109":";","2110":"\\","2111":"n","2112":" ","2113":" ","2114":" ","2115":" ","2116":"b","2117":"o","2118":"r","2119":"d","2120":"e","2121":"r","2122":"-","2123":"c","2124":"o","2125":"l","2126":"o","2127":"r","2128":":","2129":" ","2130":"m","2131":"i","2132":"x","2133":"(","2134":"$","2135":"-","2136":"-","2137":"c","2138":"o","2139":"l","2140":"o","2141":"r","2142":"-","2143":"w","2144":"h","2145":"i","2146":"t","2147":"e","2148":",","2149":" ","2150":"$","2151":"-","2152":"-","2153":"c","2154":"o","2155":"l","2156":"o","2157":"r","2158":"-","2159":"p","2160":"r","2161":"i","2162":"m","2163":"a","2164":"r","2165":"y","2166":",","2167":" ","2168":"7","2169":"0","2170":"%","2171":")","2172":";","2173":"\\","2174":"n","2175":" ","2176":" ","2177":" ","2178":" ","2179":"b","2180":"a","2181":"c","2182":"k","2183":"g","2184":"r","2185":"o","2186":"u","2187":"n","2188":"d","2189":"-","2190":"c","2191":"o","2192":"l","2193":"o","2194":"r","2195":":","2196":" ","2197":"m","2198":"i","2199":"x","2200":"(","2201":"$","2202":"-","2203":"-","2204":"c","2205":"o","2206":"l","2207":"o","2208":"r","2209":"-","2210":"w","2211":"h","2212":"i","2213":"t","2214":"e","2215":",","2216":" ","2217":"$","2218":"-","2219":"-","2220":"c","2221":"o","2222":"l","2223":"o","2224":"r","2225":"-","2226":"p","2227":"r","2228":"i","2229":"m","2230":"a","2231":"r","2232":"y","2233":",","2234":" ","2235":"9","2236":"0","2237":"%","2238":")","2239":";","2240":"\\","2241":"n","2242":" ","2243":" ","2244":"}","2245":"\\","2246":"n","2247":" ","2248":" ","2249":"@","2250":"i","2251":"n","2252":"c","2253":"l","2254":"u","2255":"d","2256":"e","2257":" ","2258":"m","2259":"(","2260":"m","2261":"e","2262":"d","2263":"i","2264":"u","2265":"m","2266":")","2267":" ","2268":"{","2269":"\\","2270":"n","2271":" ","2272":" ","2273":" ","2274":" ","2275":"@","2276":"i","2277":"n","2278":"c","2279":"l","2280":"u","2281":"d","2282":"e","2283":" ","2284":"b","2285":"u","2286":"t","2287":"t","2288":"o","2289":"n","2290":"-","2291":"s","2292":"i","2293":"z","2294":"e","2295":"(","2296":"\\","2297":"n","2298":" ","2299":" ","2300":" ","2301":" ","2302":" ","2303":" ","2304":"$","2305":"-","2306":"-","2307":"b","2308":"u","2309":"t","2310":"t","2311":"o","2312":"n","2313":"-","2314":"m","2315":"e","2316":"d","2317":"i","2318":"u","2319":"m","2320":"-","2321":"p","2322":"a","2323":"d","2324":"d","2325":"i","2326":"n","2327":"g","2328":"-","2329":"v","2330":"e","2331":"r","2332":"t","2333":"i","2334":"c","2335":"a","2336":"l","2337":",","2338":"\\","2339":"n","2340":" ","2341":" ","2342":" ","2343":" ","2344":" ","2345":" ","2346":"$","2347":"-","2348":"-","2349":"b","2350":"u","2351":"t","2352":"t","2353":"o","2354":"n","2355":"-","2356":"m","2357":"e","2358":"d","2359":"i","2360":"u","2361":"m","2362":"-","2363":"p","2364":"a","2365":"d","2366":"d","2367":"i","2368":"n","2369":"g","2370":"-","2371":"h","2372":"o","2373":"r","2374":"i","2375":"z","2376":"o","2377":"n","2378":"t","2379":"a","2380":"l","2381":",","2382":"\\","2383":"n","2384":" ","2385":" ","2386":" ","2387":" ","2388":" ","2389":" ","2390":"$","2391":"-","2392":"-","2393":"b","2394":"u","2395":"t","2396":"t","2397":"o","2398":"n","2399":"-","2400":"m","2401":"e","2402":"d","2403":"i","2404":"u","2405":"m","2406":"-","2407":"f","2408":"o","2409":"n","2410":"t","2411":"-","2412":"s","2413":"i","2414":"z","2415":"e","2416":",","2417":"\\","2418":"n","2419":" ","2420":" ","2421":" ","2422":" ","2423":" ","2424":" ","2425":"$","2426":"-","2427":"-","2428":"b","2429":"u","2430":"t","2431":"t","2432":"o","2433":"n","2434":"-","2435":"m","2436":"e","2437":"d","2438":"i","2439":"u","2440":"m","2441":"-","2442":"b","2443":"o","2444":"r","2445":"d","2446":"e","2447":"r","2448":"-","2449":"r","2450":"a","2451":"d","2452":"i","2453":"u","2454":"s","2455":"\\","2456":"n","2457":" ","2458":" ","2459":" ","2460":" ","2461":")","2462":";","2463":"\\","2464":"n","2465":" ","2466":" ","2467":"}","2468":"\\","2469":"n","2470":" ","2471":" ","2472":"@","2473":"i","2474":"n","2475":"c","2476":"l","2477":"u","2478":"d","2479":"e","2480":" ","2481":"m","2482":"(","2483":"s","2484":"m","2485":"a","2486":"l","2487":"l","2488":")","2489":" ","2490":"{","2491":"\\","2492":"n","2493":" ","2494":" ","2495":" ","2496":" ","2497":"@","2498":"i","2499":"n","2500":"c","2501":"l","2502":"u","2503":"d","2504":"e","2505":" ","2506":"b","2507":"u","2508":"t","2509":"t","2510":"o","2511":"n","2512":"-","2513":"s","2514":"i","2515":"z","2516":"e","2517":"(","2518":"\\","2519":"n","2520":" ","2521":" ","2522":" ","2523":" ","2524":" ","2525":" ","2526":"$","2527":"-","2528":"-","2529":"b","2530":"u","2531":"t","2532":"t","2533":"o","2534":"n","2535":"-","2536":"s","2537":"m","2538":"a","2539":"l","2540":"l","2541":"-","2542":"p","2543":"a","2544":"d","2545":"d","2546":"i","2547":"n","2548":"g","2549":"-","2550":"v","2551":"e","2552":"r","2553":"t","2554":"i","2555":"c","2556":"a","2557":"l","2558":",","2559":"\\","2560":"n","2561":" ","2562":" ","2563":" ","2564":" ","2565":" ","2566":" ","2567":"$","2568":"-","2569":"-","2570":"b","2571":"u","2572":"t","2573":"t","2574":"o","2575":"n","2576":"-","2577":"s","2578":"m","2579":"a","2580":"l","2581":"l","2582":"-","2583":"p","2584":"a","2585":"d","2586":"d","2587":"i","2588":"n","2589":"g","2590":"-","2591":"h","2592":"o","2593":"r","2594":"i","2595":"z","2596":"o","2597":"n","2598":"t","2599":"a","2600":"l","2601":",","2602":"\\","2603":"n","2604":" ","2605":" ","2606":" ","2607":" ","2608":" ","2609":" ","2610":"$","2611":"-","2612":"-","2613":"b","2614":"u","2615":"t","2616":"t","2617":"o","2618":"n","2619":"-","2620":"s","2621":"m","2622":"a","2623":"l","2624":"l","2625":"-","2626":"f","2627":"o","2628":"n","2629":"t","2630":"-","2631":"s","2632":"i","2633":"z","2634":"e","2635":",","2636":"\\","2637":"n","2638":" ","2639":" ","2640":" ","2641":" ","2642":" ","2643":" ","2644":"$","2645":"-","2646":"-","2647":"b","2648":"u","2649":"t","2650":"t","2651":"o","2652":"n","2653":"-","2654":"s","2655":"m","2656":"a","2657":"l","2658":"l","2659":"-","2660":"b","2661":"o","2662":"r","2663":"d","2664":"e","2665":"r","2666":"-","2667":"r","2668":"a","2669":"d","2670":"i","2671":"u","2672":"s","2673":"\\","2674":"n","2675":" ","2676":" ","2677":" ","2678":" ","2679":")","2680":";","2681":"\\","2682":"n","2683":" ","2684":" ","2685":"}","2686":"\\","2687":"n","2688":" ","2689":" ","2690":"@","2691":"i","2692":"n","2693":"c","2694":"l","2695":"u","2696":"d","2697":"e","2698":" ","2699":"m","2700":"(","2701":"l","2702":"a","2703":"r","2704":"g","2705":"e","2706":")","2707":" ","2708":"{","2709":"\\","2710":"n","2711":" ","2712":" ","2713":" ","2714":" ","2715":"@","2716":"i","2717":"n","2718":"c","2719":"l","2720":"u","2721":"d","2722":"e","2723":" ","2724":"b","2725":"u","2726":"t","2727":"t","2728":"o","2729":"n","2730":"-","2731":"s","2732":"i","2733":"z","2734":"e","2735":"(","2736":"\\","2737":"n","2738":" ","2739":" ","2740":" ","2741":" ","2742":" ","2743":" ","2744":"$","2745":"-","2746":"-","2747":"b","2748":"u","2749":"t","2750":"t","2751":"o","2752":"n","2753":"-","2754":"l","2755":"a","2756":"r","2757":"g","2758":"e","2759":"-","2760":"p","2761":"a","2762":"d","2763":"d","2764":"i","2765":"n","2766":"g","2767":"-","2768":"v","2769":"e","2770":"r","2771":"t","2772":"i","2773":"c","2774":"a","2775":"l","2776":",","2777":"\\","2778":"n","2779":" ","2780":" ","2781":" ","2782":" ","2783":" ","2784":" ","2785":"$","2786":"-","2787":"-","2788":"b","2789":"u","2790":"t","2791":"t","2792":"o","2793":"n","2794":"-","2795":"l","2796":"a","2797":"r","2798":"g","2799":"e","2800":"-","2801":"p","2802":"a","2803":"d","2804":"d","2805":"i","2806":"n","2807":"g","2808":"-","2809":"h","2810":"o","2811":"r","2812":"i","2813":"z","2814":"o","2815":"n","2816":"t","2817":"a","2818":"l","2819":",","2820":"\\","2821":"n","2822":" ","2823":" ","2824":" ","2825":" ","2826":" ","2827":" ","2828":"$","2829":"-","2830":"-","2831":"b","2832":"u","2833":"t","2834":"t","2835":"o","2836":"n","2837":"-","2838":"l","2839":"a","2840":"r","2841":"g","2842":"e","2843":"-","2844":"f","2845":"o","2846":"n","2847":"t","2848":"-","2849":"s","2850":"i","2851":"z","2852":"e","2853":",","2854":"\\","2855":"n","2856":" ","2857":" ","2858":" ","2859":" ","2860":" ","2861":" ","2862":"$","2863":"-","2864":"-","2865":"b","2866":"u","2867":"t","2868":"t","2869":"o","2870":"n","2871":"-","2872":"l","2873":"a","2874":"r","2875":"g","2876":"e","2877":"-","2878":"b","2879":"o","2880":"r","2881":"d","2882":"e","2883":"r","2884":"-","2885":"r","2886":"a","2887":"d","2888":"i","2889":"u","2890":"s","2891":"\\","2892":"n","2893":" ","2894":" ","2895":" ","2896":" ","2897":")","2898":";","2899":"\\","2900":"n","2901":" ","2902":" ","2903":"}","2904":"\\","2905":"n","2906":" ","2907":" ","2908":"@","2909":"i","2910":"n","2911":"c","2912":"l","2913":"u","2914":"d","2915":"e","2916":" ","2917":"m","2918":"(","2919":"p","2920":"r","2921":"i","2922":"m","2923":"a","2924":"r","2925":"y","2926":")","2927":" ","2928":"{","2929":"\\","2930":"n","2931":" ","2932":" ","2933":" ","2934":" ","2935":"@","2936":"i","2937":"n","2938":"c","2939":"l","2940":"u","2941":"d","2942":"e","2943":" ","2944":"b","2945":"u","2946":"t","2947":"t","2948":"o","2949":"n","2950":"-","2951":"v","2952":"a","2953":"r","2954":"i","2955":"a","2956":"n","2957":"t","2958":"(","2959":"\\","2960":"n","2961":" ","2962":" ","2963":" ","2964":" ","2965":" ","2966":" ","2967":"$","2968":"-","2969":"-","2970":"b","2971":"u","2972":"t","2973":"t","2974":"o","2975":"n","2976":"-","2977":"p","2978":"r","2979":"i","2980":"m","2981":"a","2982":"r","2983":"y","2984":"-","2985":"f","2986":"o","2987":"n","2988":"t","2989":"-","2990":"c","2991":"o","2992":"l","2993":"o","2994":"r","2995":",","2996":"\\","2997":"n","2998":" ","2999":" ","3000":" ","3001":" ","3002":" ","3003":" ","3004":"$","3005":"-","3006":"-","3007":"b","3008":"u","3009":"t","3010":"t","3011":"o","3012":"n","3013":"-","3014":"p","3015":"r","3016":"i","3017":"m","3018":"a","3019":"r","3020":"y","3021":"-","3022":"b","3023":"a","3024":"c","3025":"k","3026":"g","3027":"r","3028":"o","3029":"u","3030":"n","3031":"d","3032":"-","3033":"c","3034":"o","3035":"l","3036":"o","3037":"r","3038":",","3039":"\\","3040":"n","3041":" ","3042":" ","3043":" ","3044":" ","3045":" ","3046":" ","3047":"$","3048":"-","3049":"-","3050":"b","3051":"u","3052":"t","3053":"t","3054":"o","3055":"n","3056":"-","3057":"p","3058":"r","3059":"i","3060":"m","3061":"a","3062":"r","3063":"y","3064":"-","3065":"b","3066":"o","3067":"r","3068":"d","3069":"e","3070":"r","3071":"-","3072":"c","3073":"o","3074":"l","3075":"o","3076":"r","3077":"\\","3078":"n","3079":" ","3080":" ","3081":" ","3082":" ","3083":")","3084":";","3085":"\\","3086":"n","3087":" ","3088":" ","3089":"}","3090":"\\","3091":"n","3092":" ","3093":" ","3094":"@","3095":"i","3096":"n","3097":"c","3098":"l","3099":"u","3100":"d","3101":"e","3102":" ","3103":"m","3104":"(","3105":"s","3106":"u","3107":"c","3108":"c","3109":"e","3110":"s","3111":"s","3112":")","3113":" ","3114":"{","3115":"\\","3116":"n","3117":" ","3118":" ","3119":" ","3120":" ","3121":"@","3122":"i","3123":"n","3124":"c","3125":"l","3126":"u","3127":"d","3128":"e","3129":" ","3130":"b","3131":"u","3132":"t","3133":"t","3134":"o","3135":"n","3136":"-","3137":"v","3138":"a","3139":"r","3140":"i","3141":"a","3142":"n","3143":"t","3144":"(","3145":"\\","3146":"n","3147":" ","3148":" ","3149":" ","3150":" ","3151":" ","3152":" ","3153":"$","3154":"-","3155":"-","3156":"b","3157":"u","3158":"t","3159":"t","3160":"o","3161":"n","3162":"-","3163":"s","3164":"u","3165":"c","3166":"c","3167":"e","3168":"s","3169":"s","3170":"-","3171":"f","3172":"o","3173":"n","3174":"t","3175":"-","3176":"c","3177":"o","3178":"l","3179":"o","3180":"r","3181":",","3182":"\\","3183":"n","3184":" ","3185":" ","3186":" ","3187":" ","3188":" ","3189":" ","3190":"$","3191":"-","3192":"-","3193":"b","3194":"u","3195":"t","3196":"t","3197":"o","3198":"n","3199":"-","3200":"s","3201":"u","3202":"c","3203":"c","3204":"e","3205":"s","3206":"s","3207":"-","3208":"b","3209":"a","3210":"c","3211":"k","3212":"g","3213":"r","3214":"o","3215":"u","3216":"n","3217":"d","3218":"-","3219":"c","3220":"o","3221":"l","3222":"o","3223":"r","3224":",","3225":"\\","3226":"n","3227":" ","3228":" ","3229":" ","3230":" ","3231":" ","3232":" ","3233":"$","3234":"-","3235":"-","3236":"b","3237":"u","3238":"t","3239":"t","3240":"o","3241":"n","3242":"-","3243":"s","3244":"u","3245":"c","3246":"c","3247":"e","3248":"s","3249":"s","3250":"-","3251":"b","3252":"o","3253":"r","3254":"d","3255":"e","3256":"r","3257":"-","3258":"c","3259":"o","3260":"l","3261":"o","3262":"r","3263":"\\","3264":"n","3265":" ","3266":" ","3267":" ","3268":" ","3269":")","3270":";","3271":"\\","3272":"n","3273":" ","3274":" ","3275":"}","3276":"\\","3277":"n","3278":" ","3279":" ","3280":"@","3281":"i","3282":"n","3283":"c","3284":"l","3285":"u","3286":"d","3287":"e","3288":" ","3289":"m","3290":"(","3291":"d","3292":"a","3293":"n","3294":"g","3295":"e","3296":"r","3297":")","3298":" ","3299":"{","3300":"\\","3301":"n","3302":" ","3303":" ","3304":" ","3305":" ","3306":"@","3307":"i","3308":"n","3309":"c","3310":"l","3311":"u","3312":"d","3313":"e","3314":" ","3315":"b","3316":"u","3317":"t","3318":"t","3319":"o","3320":"n","3321":"-","3322":"v","3323":"a","3324":"r","3325":"i","3326":"a","3327":"n","3328":"t","3329":"(","3330":"\\","3331":"n","3332":" ","3333":" ","3334":" ","3335":" ","3336":" ","3337":" ","3338":"$","3339":"-","3340":"-","3341":"b","3342":"u","3343":"t","3344":"t","3345":"o","3346":"n","3347":"-","3348":"d","3349":"a","3350":"n","3351":"g","3352":"e","3353":"r","3354":"-","3355":"f","3356":"o","3357":"n","3358":"t","3359":"-","3360":"c","3361":"o","3362":"l","3363":"o","3364":"r","3365":",","3366":"\\","3367":"n","3368":" ","3369":" ","3370":" ","3371":" ","3372":" ","3373":" ","3374":"$","3375":"-","3376":"-","3377":"b","3378":"u","3379":"t","3380":"t","3381":"o","3382":"n","3383":"-","3384":"d","3385":"a","3386":"n","3387":"g","3388":"e","3389":"r","3390":"-","3391":"b","3392":"a","3393":"c","3394":"k","3395":"g","3396":"r","3397":"o","3398":"u","3399":"n","3400":"d","3401":"-","3402":"c","3403":"o","3404":"l","3405":"o","3406":"r","3407":",","3408":"\\","3409":"n","3410":" ","3411":" ","3412":" ","3413":" ","3414":" ","3415":" ","3416":"$","3417":"-","3418":"-","3419":"b","3420":"u","3421":"t","3422":"t","3423":"o","3424":"n","3425":"-","3426":"d","3427":"a","3428":"n","3429":"g","3430":"e","3431":"r","3432":"-","3433":"b","3434":"o","3435":"r","3436":"d","3437":"e","3438":"r","3439":"-","3440":"c","3441":"o","3442":"l","3443":"o","3444":"r","3445":"\\","3446":"n","3447":" ","3448":" ","3449":" ","3450":" ","3451":")","3452":";","3453":"\\","3454":"n","3455":" ","3456":" ","3457":"}","3458":"\\","3459":"n","3460":"}","3461":"\\","3462":"n","3463":"<","3464":"/","3465":"s","3466":"t","3467":"y","3468":"l","3469":"e","3470":">","3471":"\\","3472":"n","3473":"\"","3474":"]","3475":"}"},"_coverageSchema":"1a1c01bbd47fc00a2c39e90264f33305004495a9","hash":"02bb05516ad1e28461404d2c7f2d4967d49eb282"}
,"/Users/smallcar/Desktop/项目_进行中/vue3-comp/vue3-husky/src/components/notification/Notification.vue": {"path":"/Users/smallcar/Desktop/项目_进行中/vue3-comp/vue3-husky/src/components/notification/Notification.vue","statementMap":{"0":{"start":{"line":2,"column":0},"end":{"line":2,"column":62}},"1":{"start":{"line":3,"column":0},"end":{"line":3,"column":24}},"2":{"start":{"line":4,"column":12},"end":{"line":4,"column":26}},"3":{"start":{"line":5,"column":17},"end":{"line":5,"column":45}},"4":{"start":{"line":7,"column":4},"end":{"line":9,"column":8}},"5":{"start":{"line":11,"column":0},"end":{"line":11,"column":24}},"6":{"start":{"line":12,"column":1},"end":{"line":12,"column":48}}},"fnMap":{"0":{"name":"render","decl":{"start":{"line":6,"column":9},"end":{"line":6,"column":15}},"loc":{"start":{"line":6,"column":30},"end":{"line":10,"column":1}},"line":6}},"branchMap":{},"s":{"0":1,"1":1,"2":1,"3":1,"4":4,"5":1,"6":1},"f":{"0":4},"b":{},"inputSourceMap":{"0":"{","1":"\"","2":"v","3":"e","4":"r","5":"s","6":"i","7":"o","8":"n","9":"\"","10":":","11":"3","12":",","13":"\"","14":"s","15":"o","16":"u","17":"r","18":"c","19":"e","20":"s","21":"\"","22":":","23":"[","24":"]","25":",","26":"\"","27":"n","28":"a","29":"m","30":"e","31":"s","32":"\"","33":":","34":"[","35":"]","36":",","37":"\"","38":"m","39":"a","40":"p","41":"p","42":"i","43":"n","44":"g","45":"s","46":"\"","47":":","48":"\"","49":"\"","50":",","51":"\"","52":"f","53":"i","54":"l","55":"e","56":"\"","57":":","58":"\"","59":"/","60":"U","61":"s","62":"e","63":"r","64":"s","65":"/","66":"s","67":"m","68":"a","69":"l","70":"l","71":"c","72":"a","73":"r","74":"/","75":"D","76":"e","77":"s","78":"k","79":"t","80":"o","81":"p","82":"/","83":"项","84":"目","85":"_","86":"进","87":"行","88":"中","89":"/","90":"v","91":"u","92":"e","93":"3","94":"-","95":"c","96":"o","97":"m","98":"p","99":"/","100":"v","101":"u","102":"e","103":"3","104":"-","105":"h","106":"u","107":"s","108":"k","109":"y","110":"/","111":"s","112":"r","113":"c","114":"/","115":"c","116":"o","117":"m","118":"p","119":"o","120":"n","121":"e","122":"n","123":"t","124":"s","125":"/","126":"n","127":"o","128":"t","129":"i","130":"f","131":"i","132":"c","133":"a","134":"t","135":"i","136":"o","137":"n","138":"/","139":"N","140":"o","141":"t","142":"i","143":"f","144":"i","145":"c","146":"a","147":"t","148":"i","149":"o","150":"n","151":".","152":"v","153":"u","154":"e","155":"\"","156":"}"},"_coverageSchema":"1a1c01bbd47fc00a2c39e90264f33305004495a9","hash":"fa02e3c2c95aa6c37097452808c795921da6f8f1"}
}
